<?xml version="1.0" encoding="UTF-8"?>
<testng-results skipped="0" failed="0" ignored="0" total="2" passed="2">
  <reporter-output>
  </reporter-output>
  <suite name="Default suite" duration-ms="20426" started-at="2019-12-12T14:49:45 CET" finished-at="2019-12-12T14:50:05 CET">
    <groups>
    </groups>
    <test name="Default test" duration-ms="20426" started-at="2019-12-12T14:49:45 CET" finished-at="2019-12-12T14:50:05 CET">
      <class name="test.SmokeTest">
        <test-method status="PASS" signature="OpenPage()[pri:0, instance:test.SmokeTest@527740a2]" name="OpenPage" is-config="true" duration-ms="5530" started-at="2019-12-12T14:49:45 CET" finished-at="2019-12-12T14:49:50 CET">
          <reporter-output>
          </reporter-output>
        </test-method> <!-- OpenPage -->
        <test-method status="PASS" signature="LoginPage()[pri:1, instance:test.SmokeTest@527740a2]" name="LoginPage" duration-ms="413" started-at="2019-12-12T14:49:50 CET" finished-at="2019-12-12T14:49:51 CET">
          <reporter-output>
          </reporter-output>
        </test-method> <!-- LoginPage -->
        <test-method status="PASS" signature="HomePage()[pri:2, instance:test.SmokeTest@527740a2]" name="HomePage" duration-ms="14316" started-at="2019-12-12T14:49:51 CET" finished-at="2019-12-12T14:50:05 CET">
          <reporter-output>
          </reporter-output>
        </test-method> <!-- HomePage -->
        <test-method status="PASS" signature="tearDownTest()[pri:0, instance:test.SmokeTest@527740a2]" name="tearDownTest" is-config="true" duration-ms="125" started-at="2019-12-12T14:50:05 CET" finished-at="2019-12-12T14:50:05 CET">
          <reporter-output>
          </reporter-output>
        </test-method> <!-- tearDownTest -->
      </class> <!-- test.SmokeTest -->
    </test> <!-- Default test -->
  </suite> <!-- Default suite -->
</testng-results>
