<?xml version="1.0" encoding="UTF-8"?>
<testng-results skipped="0" failed="0" ignored="0" total="1" passed="1">
  <reporter-output>
  </reporter-output>
  <suite name="Default suite" duration-ms="48" started-at="2020-01-07T10:23:09 CET" finished-at="2020-01-07T10:23:09 CET">
    <groups>
    </groups>
    <test name="Default test" duration-ms="48" started-at="2020-01-07T10:23:09 CET" finished-at="2020-01-07T10:23:09 CET">
      <class name="test.anotation$MyFirstTest">
        <test-method status="PASS" signature="beforeSuite()[pri:0, instance:test.anotation$MyFirstTest@6536e911]" name="beforeSuite" is-config="true" duration-ms="32" started-at="2020-01-07T10:23:09 CET" finished-at="2020-01-07T10:23:09 CET">
          <reporter-output>
          </reporter-output>
        </test-method> <!-- beforeSuite -->
        <test-method status="PASS" signature="beforeTest()[pri:0, instance:test.anotation$MyFirstTest@6536e911]" name="beforeTest" is-config="true" duration-ms="2" started-at="2020-01-07T10:23:09 CET" finished-at="2020-01-07T10:23:09 CET">
          <reporter-output>
          </reporter-output>
        </test-method> <!-- beforeTest -->
        <test-method status="PASS" signature="beforeClass()[pri:0, instance:test.anotation$MyFirstTest@6536e911]" name="beforeClass" is-config="true" duration-ms="1" started-at="2020-01-07T10:23:09 CET" finished-at="2020-01-07T10:23:09 CET">
          <reporter-output>
          </reporter-output>
        </test-method> <!-- beforeClass -->
        <test-method status="PASS" signature="beforeMethod()[pri:0, instance:test.anotation$MyFirstTest@6536e911]" name="beforeMethod" is-config="true" duration-ms="1" started-at="2020-01-07T10:23:09 CET" finished-at="2020-01-07T10:23:09 CET">
          <reporter-output>
          </reporter-output>
        </test-method> <!-- beforeMethod -->
        <test-method status="PASS" signature="testCase()[pri:0, instance:test.anotation$MyFirstTest@6536e911]" name="testCase" duration-ms="6" started-at="2020-01-07T10:23:09 CET" finished-at="2020-01-07T10:23:09 CET">
          <reporter-output>
          </reporter-output>
        </test-method> <!-- testCase -->
        <test-method status="PASS" signature="afterMethod()[pri:0, instance:test.anotation$MyFirstTest@6536e911]" name="afterMethod" is-config="true" duration-ms="0" started-at="2020-01-07T10:23:09 CET" finished-at="2020-01-07T10:23:09 CET">
          <reporter-output>
          </reporter-output>
        </test-method> <!-- afterMethod -->
        <test-method status="PASS" signature="afterClass()[pri:0, instance:test.anotation$MyFirstTest@6536e911]" name="afterClass" is-config="true" duration-ms="1" started-at="2020-01-07T10:23:09 CET" finished-at="2020-01-07T10:23:09 CET">
          <reporter-output>
          </reporter-output>
        </test-method> <!-- afterClass -->
        <test-method status="PASS" signature="afterTest()[pri:0, instance:test.anotation$MyFirstTest@6536e911]" name="afterTest" is-config="true" duration-ms="0" started-at="2020-01-07T10:23:09 CET" finished-at="2020-01-07T10:23:09 CET">
          <reporter-output>
          </reporter-output>
        </test-method> <!-- afterTest -->
        <test-method status="PASS" signature="afterSuite()[pri:0, instance:test.anotation$MyFirstTest@6536e911]" name="afterSuite" is-config="true" duration-ms="1" started-at="2020-01-07T10:23:09 CET" finished-at="2020-01-07T10:23:09 CET">
          <reporter-output>
          </reporter-output>
        </test-method> <!-- afterSuite -->
      </class> <!-- test.anotation$MyFirstTest -->
    </test> <!-- Default test -->
  </suite> <!-- Default suite -->
</testng-results>
