<?xml version="1.0" encoding="UTF-8"?>
<!-- Generated by org.testng.reporters.JUnitXMLReporter -->
<testsuite hostname="cable-77-221-4-137.dynamic.telemach.ba" ignored="0" name="Test8" tests="2" failures="0" timestamp="2020-01-08T13:51:16 CET" time="0.011" errors="0">
  <testcase name="StartSellingProduct" time="0.0" classname="test.TestBecomeSeller">
    <skipped/>
  </testcase> <!-- StartSellingProduct -->
  <testcase name="CheckSetProduct" time="0.0" classname="test.TestBecomeSeller">
    <skipped/>
  </testcase> <!-- CheckSetProduct -->
</testsuite> <!-- Test8 -->
