<?xml version="1.0" encoding="UTF-8"?>
<!-- Generated by org.testng.reporters.JUnitXMLReporter -->
<testsuite hostname="cable-77-221-4-137.dynamic.telemach.ba" ignored="0" name="Test3" tests="3" failures="0" timestamp="2020-01-08T13:53:10 CET" time="12.462" errors="0">
  <testcase name="TestCase16" time="0.003" classname="test.TestPlaceBid">
    <skipped/>
  </testcase> <!-- TestCase16 -->
  <testcase name="TestCase17" time="0.0" classname="test.TestPlaceBid">
    <skipped/>
  </testcase> <!-- TestCase17 -->
  <testcase name="TestCase18" time="0.0" classname="test.TestPlaceBid">
    <skipped/>
  </testcase> <!-- TestCase18 -->
</testsuite> <!-- Test3 -->
