<?xml version="1.0" encoding="UTF-8"?>
<!-- Generated by org.testng.reporters.JUnitXMLReporter -->
<testsuite hostname="Semirs-MacBook-Pro.local" ignored="0" name="Test" tests="9" failures="0" timestamp="2019-12-10T16:57:09 CET" time="48.887" errors="0">
  <testcase name="FacebookIcon" time="0.196" classname="test.TestSocialFacebookIcon"/>
  <testcase name="SuggestFeature" time="1.506" classname="test.TestCommentSuggestionFesture"/>
  <testcase name="ZoomInMap" time="0.025" classname="test.TestZoomFeature"/>
  <testcase name="ZoomOutMap" time="0.017" classname="test.TestZoomFeature"/>
  <testcase name="ChangeFromEngToBs" time="1.362" classname="test.TestLanguageFromEngToBs"/>
  <testcase name="CreatePlaceTest" time="1.203" classname="test.TestCreateObjectFeature"/>
  <testcase name="SuggestFeature" time="1.542" classname="test.TestSuggestionFesture"/>
  <testcase name="Accommodation" time="1.688" classname="test.TestContentMenuArt"/>
  <testcase name="Accommodation" time="0.955" classname="test.TestContentMenuAccommodation"/>
</testsuite> <!-- Test -->
