<?xml version="1.0" encoding="UTF-8"?>
<!-- Generated by org.testng.reporters.JUnitXMLReporter -->
<testsuite hostname="Semirs-MacBook-Pro.local" ignored="0" name="Test" tests="9" failures="1" timestamp="2019-12-04T19:36:52 CET" time="41.708" errors="0">
  <testcase name="FacebookIcon" time="0.197" classname="test.TestSocialFacebookIcon"/>
  <testcase name="SuggestFeature" time="0.671" classname="test.TestCommentSuggestionFesture"/>
  <testcase name="ZoomInMap" time="0.034" classname="test.TestZoomFeature"/>
  <testcase name="ZoomOutMap" time="0.017" classname="test.TestZoomFeature"/>
  <testcase name="ChangeFromEngToBs" time="1.409" classname="test.TestLanguageFromEngToBs"/>
  <testcase name="CreatePlaceTest" time="1.108" classname="test.TestCreateObjectFeature">
    <failure type="org.openqa.selenium.ElementClickInterceptedException" message="element click intercepted: Element &amp;lt;button type=&amp;quot;button&amp;quot; class=&amp;quot;btn btn-success&amp;quot; data-ember-action=&amp;quot;977&amp;quot;&amp;gt;...&amp;lt;/button&amp;gt; is not clickable at point (282, 648). Other element would receive the click: &amp;lt;div class=&amp;quot;row&amp;quot;&amp;gt;...&amp;lt;/div&amp;gt;
  (Session info: chrome=78.0.3904.108)
Build info: version: &amp;apos;4.0.0-alpha-1&amp;apos;, revision: &amp;apos;d1d3728cae&amp;apos;, time: &amp;apos;2019-04-24T16:15:24&amp;apos;
System info: host: &amp;apos;Semirs-MacBook-Pro.local&amp;apos;, ip: &amp;apos;fe80:0:0:0:c71:ef1a:b084:316a%en0&amp;apos;, os.name: &amp;apos;Mac OS X&amp;apos;, os.arch: &amp;apos;x86_64&amp;apos;, os.version: &amp;apos;10.15.1&amp;apos;, java.version: &amp;apos;1.8.0_231&amp;apos;
Driver info: org.openqa.selenium.chrome.ChromeDriver
Capabilities {acceptInsecureCerts: false, browserName: chrome, browserVersion: 78.0.3904.108, chrome: {chromedriverVersion: 78.0.3904.105 (60e2d8774a81..., userDataDir: /var/folders/hs/_6_s21f124s...}, goog:chromeOptions: {debuggerAddress: localhost:65511}, javascriptEnabled: true, networkConnectionEnabled: false, pageLoadStrategy: normal, platform: MAC, platformName: MAC, proxy: Proxy(), setWindowRect: true, strictFileInteractability: false, timeouts: {implicit: 0, pageLoad: 300000, script: 30000}, unhandledPromptBehavior: dismiss and notify}
Session ID: 9c6a4d625048338b99dbb5a55fe828e1">
      <![CDATA[org.openqa.selenium.ElementClickInterceptedException: element click intercepted: Element <button type="button" class="btn btn-success" data-ember-action="977">...</button> is not clickable at point (282, 648). Other element would receive the click: <div class="row">...</div>
  (Session info: chrome=78.0.3904.108)
Build info: version: '4.0.0-alpha-1', revision: 'd1d3728cae', time: '2019-04-24T16:15:24'
System info: host: 'Semirs-MacBook-Pro.local', ip: 'fe80:0:0:0:c71:ef1a:b084:316a%en0', os.name: 'Mac OS X', os.arch: 'x86_64', os.version: '10.15.1', java.version: '1.8.0_231'
Driver info: org.openqa.selenium.chrome.ChromeDriver
Capabilities {acceptInsecureCerts: false, browserName: chrome, browserVersion: 78.0.3904.108, chrome: {chromedriverVersion: 78.0.3904.105 (60e2d8774a81..., userDataDir: /var/folders/hs/_6_s21f124s...}, goog:chromeOptions: {debuggerAddress: localhost:65511}, javascriptEnabled: true, networkConnectionEnabled: false, pageLoadStrategy: normal, platform: MAC, platformName: MAC, proxy: Proxy(), setWindowRect: true, strictFileInteractability: false, timeouts: {implicit: 0, pageLoad: 300000, script: 30000}, unhandledPromptBehavior: dismiss and notify}
Session ID: 9c6a4d625048338b99dbb5a55fe828e1
at org.openqa.selenium.remote.codec.w3c.W3CHttpResponseCodec.createException(W3CHttpResponseCodec.java:190)
at org.openqa.selenium.remote.codec.w3c.W3CHttpResponseCodec.decode(W3CHttpResponseCodec.java:124)
at org.openqa.selenium.remote.codec.w3c.W3CHttpResponseCodec.decode(W3CHttpResponseCodec.java:51)
at org.openqa.selenium.remote.HttpCommandExecutor.execute(HttpCommandExecutor.java:161)
at org.openqa.selenium.remote.service.DriverCommandExecutor.execute(DriverCommandExecutor.java:83)
at org.openqa.selenium.remote.RemoteWebDriver.execute(RemoteWebDriver.java:577)
at org.openqa.selenium.remote.RemoteWebElement.execute(RemoteWebElement.java:308)
at org.openqa.selenium.remote.RemoteWebElement.click(RemoteWebElement.java:83)
at page.CreatePlace.clickCreateButton(CreatePlace.java:114)
at test.TestCreateObjectFeature.CreatePlaceTest(TestCreateObjectFeature.java:40)
at java.util.ArrayList.forEach(ArrayList.java:1257)
... Removed 31 stack frames]]>
    </failure>
  </testcase> <!-- CreatePlaceTest -->
  <testcase name="SuggestFeature" time="0.821" classname="test.TestSuggestionFesture"/>
  <testcase name="Accommodation" time="1.27" classname="test.TestContentMenuArt"/>
  <testcase name="Accommodation" time="0.938" classname="test.TestContentMenuAccommodation"/>
</testsuite> <!-- Test -->
